<?xml version="1.0" encoding="UTF-8"?>
<coverage generated="1686068650917" clover="3.2.0">
  <project timestamp="1686068650917" name="All files">
    <metrics statements="10" coveredstatements="9" conditionals="5" coveredconditionals="4" methods="1" coveredmethods="1" elements="16" coveredelements="14" complexity="0" loc="10" ncloc="10" packages="1" files="1" classes="1"/>
    <file name="empresasVideosViewModel.js" path="C:\Users\juan.montenegro\Documents\4. Estudio\15. MiniProgramas\1. SuperApp\1 .Portafolio Soluciones\portafolio-soluciones\main\domain\empresasVideosViewModel.js">
      <metrics statements="10" coveredstatements="9" conditionals="5" coveredconditionals="4" methods="1" coveredmethods="1"/>
      <line num="1" count="1" type="stmt"/>
      <line num="2" count="1" type="stmt"/>
      <line num="5" count="2" type="stmt"/>
      <line num="6" count="2" type="stmt"/>
      <line num="7" count="2" type="stmt"/>
      <line num="8" count="1" type="cond" truecount="1" falsecount="1"/>
      <line num="13" count="0" type="stmt"/>
      <line num="15" count="1" type="stmt"/>
      <line num="18" count="1" type="stmt"/>
      <line num="22" count="1" type="stmt"/>
    </file>
  </project>
</coverage>
