{"C:\\Users\\juan.montenegro\\Documents\\4. Estudio\\15. MiniProgramas\\1. SuperApp\\1 .Portafolio Soluciones\\portafolio-soluciones\\main\\domain\\companiesVideosViewModel.js": {"path":"C:\\Users\\juan.montenegro\\Documents\\4. Estudio\\15. MiniProgramas\\1. SuperApp\\1 .Portafolio Soluciones\\portafolio-soluciones\\main\\domain\\companiesVideosViewModel.js","statementMap":{"0":{"start":{"line":1,"column":34},"end":{"line":1,"column":119}},"1":{"start":{"line":2,"column":34},"end":{"line":2,"column":117}},"2":{"start":{"line":5,"column":36},"end":{"line":5,"column":67}},"3":{"start":{"line":6,"column":2},"end":{"line":19,"column":3}},"4":{"start":{"line":7,"column":14},"end":{"line":7,"column":72}},"5":{"start":{"line":8,"column":4},"end":{"line":16,"column":5}},"6":{"start":{"line":13,"column":6},"end":{"line":13,"column":62}},"7":{"start":{"line":15,"column":6},"end":{"line":15,"column":19}},"8":{"start":{"line":18,"column":4},"end":{"line":18,"column":17}},"9":{"start":{"line":22,"column":0},"end":{"line":22,"column":71}}},"fnMap":{"0":{"name":"requestGetComapaniesVideos","decl":{"start":{"line":4,"column":15},"end":{"line":4,"column":41}},"loc":{"start":{"line":4,"column":44},"end":{"line":20,"column":1}},"line":4}},"branchMap":{"0":{"loc":{"start":{"line":8,"column":4},"end":{"line":16,"column":5}},"type":"if","locations":[{"start":{"line":8,"column":4},"end":{"line":16,"column":5}},{"start":{"line":14,"column":11},"end":{"line":16,"column":5}}],"line":8},"1":{"loc":{"start":{"line":9,"column":6},"end":{"line":11,"column":25}},"type":"binary-expr","locations":[{"start":{"line":9,"column":6},"end":{"line":9,"column":9}},{"start":{"line":10,"column":6},"end":{"line":10,"column":14}},{"start":{"line":11,"column":6},"end":{"line":11,"column":25}}],"line":9}},"s":{"0":1,"1":1,"2":3,"3":3,"4":3,"5":2,"6":1,"7":1,"8":1,"9":1},"f":{"0":3},"b":{"0":[1,1],"1":[2,2,2]},"_coverageSchema":"1a1c01bbd47fc00a2c39e90264f33305004495a9","hash":"8e66cd6ef133744c0e395a60d2a7c0138c679ed9"}
}
