{"C:\\Users\\juan.montenegro\\Documents\\4. Estudio\\15. MiniProgramas\\1. SuperApp\\1 .Portafolio Soluciones\\portafolio-soluciones\\main\\domain\\empresasVideosViewModel.js": {"path":"C:\\Users\\juan.montenegro\\Documents\\4. Estudio\\15. MiniProgramas\\1. SuperApp\\1 .Portafolio Soluciones\\portafolio-soluciones\\main\\domain\\empresasVideosViewModel.js","statementMap":{"0":{"start":{"line":1,"column":32},"end":{"line":1,"column":112}},"1":{"start":{"line":2,"column":33},"end":{"line":2,"column":111}},"2":{"start":{"line":5,"column":34},"end":{"line":5,"column":63}},"3":{"start":{"line":6,"column":2},"end":{"line":19,"column":3}},"4":{"start":{"line":7,"column":14},"end":{"line":7,"column":69}},"5":{"start":{"line":8,"column":4},"end":{"line":16,"column":5}},"6":{"start":{"line":13,"column":6},"end":{"line":13,"column":61}},"7":{"start":{"line":15,"column":6},"end":{"line":15,"column":19}},"8":{"start":{"line":18,"column":4},"end":{"line":18,"column":17}},"9":{"start":{"line":22,"column":0},"end":{"line":22,"column":67}}},"fnMap":{"0":{"name":"requestGetEmpresasVideos","decl":{"start":{"line":4,"column":15},"end":{"line":4,"column":39}},"loc":{"start":{"line":4,"column":42},"end":{"line":20,"column":1}},"line":4}},"branchMap":{"0":{"loc":{"start":{"line":8,"column":4},"end":{"line":16,"column":5}},"type":"if","locations":[{"start":{"line":8,"column":4},"end":{"line":16,"column":5}},{"start":{"line":14,"column":11},"end":{"line":16,"column":5}}],"line":8},"1":{"loc":{"start":{"line":9,"column":6},"end":{"line":11,"column":25}},"type":"binary-expr","locations":[{"start":{"line":9,"column":6},"end":{"line":9,"column":9}},{"start":{"line":10,"column":6},"end":{"line":10,"column":14}},{"start":{"line":11,"column":6},"end":{"line":11,"column":25}}],"line":9}},"s":{"0":1,"1":1,"2":2,"3":2,"4":2,"5":1,"6":0,"7":1,"8":1,"9":1},"f":{"0":2},"b":{"0":[0,1],"1":[1,1,1]},"_coverageSchema":"1a1c01bbd47fc00a2c39e90264f33305004495a9","hash":"f9299286e4e44cfc8f94e305fc876a37699a2d7b"}
}
